2023-07-21 09:23:23 [ERROR]: Erro ao abrir janela_principal: No module named 'janela_principal'
Traceback (most recent call last):
  File "c:\Users\RR ATACADISTA\Documents\COSMOLITE\cosmolite\cosmolite_app.py", line 156, in open_janela_principal
    import janela_principal.janela_principal as janela_principal
ModuleNotFoundError: No module named 'janela_principal'
2023-07-21 09:26:51 [ERROR]: Erro ao abrir janela_principal: No module named 'janela_principal'
Traceback (most recent call last):
  File "c:\Users\RR ATACADISTA\Documents\COSMOLITE\cosmolite\cosmolite_app.py", line 156, in open_janela_principal
    import janela_principal.janela_principal as janela_principal
ModuleNotFoundError: No module named 'janela_principal'
2023-07-21 09:48:28 [ERROR]: Erro ao abrir janela_principal: No module named 'janela_principal'
Traceback (most recent call last):
  File "c:\Users\RR ATACADISTA\Documents\COSMOLITE\cosmolite\cosmolite_app.py", line 157, in open_janela_principal
    import janela_principal.janela_principal as janela_principal
ModuleNotFoundError: No module named 'janela_principal'
2023-07-21 09:53:46 [ERROR]: Erro ao abrir janela_principal: No module named 'janela_principal'
Traceback (most recent call last):
  File "c:\Users\RR ATACADISTA\Documents\COSMOLITE\cosmolite\cosmolite_app.py", line 157, in open_janela_principal
    import janela_principal.JanelaPrincipal as janela_principal
ModuleNotFoundError: No module named 'janela_principal'
2023-07-21 09:55:13 [ERROR]: Erro ao abrir janela_principal: No module named 'janela_principal'
Traceback (most recent call last):
  File "c:\Users\RR ATACADISTA\Documents\COSMOLITE\cosmolite\cosmolite_app.py", line 156, in open_janela_principal
    import janela_principal.JanelaPrincipal as janela_principal
ModuleNotFoundError: No module named 'janela_principal'
2023-07-21 09:59:29 [ERROR]: Erro ao abrir janela_principal: No module named 'janela_principal'
Traceback (most recent call last):
  File "c:\Users\RR ATACADISTA\Documents\COSMOLITE\cosmolite\cosmolite_app.py", line 156, in open_janela_principal
    from janela_principal.janela_principal import JanelaPrincipal
ModuleNotFoundError: No module named 'janela_principal'
